>> Writing PID to tmp/pids/thin.0.pid
>> Using rack adapter
>> Thin web server (v1.2.11 codename Bat-Shit Crazy)
>> Maximum connections set to 1024
>> Listening on /tmp/thin.adicu.0.sock, CTRL+C to stop
/images/original/missing.png
/images/original/missing.png
/system/images/3/original/groups_logo_sm.gif?1289634166
/images/original/missing.png
/system/images/5/original/2010-9-12-hackcu.png?1289638047
>> Writing PID to tmp/pids/thin.0.pid
>> Using rack adapter
>> Thin web server (v1.2.11 codename Bat-Shit Crazy)
>> Maximum connections set to 1024
>> Listening on /tmp/thin.adicu.0.sock, CTRL+C to stop
/images/original/missing.png
/images/original/missing.png
/system/images/3/original/groups_logo_sm.gif?1289634166
/images/original/missing.png
/system/images/5/original/2010-9-12-hackcu.png?1289638047
/images/original/missing.png
/images/original/missing.png
/system/images/3/original/groups_logo_sm.gif?1289634166
/images/original/missing.png
/system/images/5/original/2010-9-12-hackcu.png?1289638047
/images/original/missing.png
/images/original/missing.png
/system/images/3/original/groups_logo_sm.gif?1289634166
/images/original/missing.png
/system/images/5/original/2010-9-12-hackcu.png?1289638047
/images/original/missing.png
/images/original/missing.png
/system/images/3/original/groups_logo_sm.gif?1289634166
/images/original/missing.png
/system/images/5/original/2010-9-12-hackcu.png?1289638047
/images/original/missing.png
/images/original/missing.png
/system/images/3/original/groups_logo_sm.gif?1289634166
/images/original/missing.png
/system/images/5/original/2010-9-12-hackcu.png?1289638047
/images/original/missing.png
/images/original/missing.png
/system/images/3/original/groups_logo_sm.gif?1289634166
/images/original/missing.png
/system/images/5/original/2010-9-12-hackcu.png?1289638047
/images/original/missing.png
/images/original/missing.png
/system/images/3/original/groups_logo_sm.gif?1289634166
/images/original/missing.png
/system/images/5/original/2010-9-12-hackcu.png?1289638047
/images/original/missing.png
/images/original/missing.png
/system/images/3/original/groups_logo_sm.gif?1289634166
/images/original/missing.png
/system/images/5/original/2010-9-12-hackcu.png?1289638047
/images/original/missing.png
/images/original/missing.png
/system/images/3/original/groups_logo_sm.gif?1289634166
/images/original/missing.png
/system/images/5/original/2010-9-12-hackcu.png?1289638047
/images/original/missing.png
/images/original/missing.png
/system/images/3/original/groups_logo_sm.gif?1289634166
/images/original/missing.png
/system/images/5/original/2010-9-12-hackcu.png?1289638047
/images/original/missing.png
/images/original/missing.png
/system/images/3/original/groups_logo_sm.gif?1289634166
/images/original/missing.png
/system/images/5/original/2010-9-12-hackcu.png?1289638047
/images/original/missing.png
/images/original/missing.png
/system/images/3/original/groups_logo_sm.gif?1289634166
/images/original/missing.png
/system/images/5/original/2010-9-12-hackcu.png?1289638047
!! Invalid request
/images/original/missing.png
/images/original/missing.png
/system/images/3/original/groups_logo_sm.gif?1289634166
/images/original/missing.png
/system/images/5/original/2010-9-12-hackcu.png?1289638047
/images/original/missing.png
/images/original/missing.png
/system/images/3/original/groups_logo_sm.gif?1289634166
/images/original/missing.png
/system/images/5/original/2010-9-12-hackcu.png?1289638047
/images/original/missing.png
/images/original/missing.png
/system/images/3/original/groups_logo_sm.gif?1289634166
/images/original/missing.png
/system/images/5/original/2010-9-12-hackcu.png?1289638047
/images/original/missing.png
/images/original/missing.png
/system/images/3/original/groups_logo_sm.gif?1289634166
/images/original/missing.png
/system/images/5/original/2010-9-12-hackcu.png?1289638047
/images/original/missing.png
/images/original/missing.png
/system/images/3/original/groups_logo_sm.gif?1289634166
/images/original/missing.png
/system/images/5/original/2010-9-12-hackcu.png?1289638047
/images/original/missing.png
/images/original/missing.png
/system/images/3/original/groups_logo_sm.gif?1289634166
/images/original/missing.png
/system/images/5/original/2010-9-12-hackcu.png?1289638047
/images/original/missing.png
/images/original/missing.png
/system/images/3/original/groups_logo_sm.gif?1289634166
/images/original/missing.png
/system/images/5/original/2010-9-12-hackcu.png?1289638047
/images/original/missing.png
/images/original/missing.png
/system/images/3/original/groups_logo_sm.gif?1289634166
/images/original/missing.png
/system/images/5/original/2010-9-12-hackcu.png?1289638047
/images/original/missing.png
/images/original/missing.png
/system/images/3/original/groups_logo_sm.gif?1289634166
/images/original/missing.png
/system/images/5/original/2010-9-12-hackcu.png?1289638047
/images/original/missing.png
/images/original/missing.png
/system/images/3/original/groups_logo_sm.gif?1289634166
/images/original/missing.png
/system/images/5/original/2010-9-12-hackcu.png?1289638047
/images/original/missing.png
/images/original/missing.png
/system/images/3/original/groups_logo_sm.gif?1289634166
/images/original/missing.png
/system/images/5/original/2010-9-12-hackcu.png?1289638047
/images/original/missing.png
/images/original/missing.png
/system/images/3/original/groups_logo_sm.gif?1289634166
/images/original/missing.png
/system/images/5/original/2010-9-12-hackcu.png?1289638047
/images/original/missing.png
/images/original/missing.png
/system/images/3/original/groups_logo_sm.gif?1289634166
/images/original/missing.png
/system/images/5/original/2010-9-12-hackcu.png?1289638047
/images/original/missing.png
/images/original/missing.png
/system/images/3/original/groups_logo_sm.gif?1289634166
/images/original/missing.png
/system/images/5/original/2010-9-12-hackcu.png?1289638047
/images/original/missing.png
/images/original/missing.png
/system/images/3/original/groups_logo_sm.gif?1289634166
/images/original/missing.png
/system/images/5/original/2010-9-12-hackcu.png?1289638047
/images/original/missing.png
/images/original/missing.png
/system/images/3/original/groups_logo_sm.gif?1289634166
/images/original/missing.png
/system/images/5/original/2010-9-12-hackcu.png?1289638047
/images/original/missing.png
/images/original/missing.png
/system/images/3/original/groups_logo_sm.gif?1289634166
/images/original/missing.png
/system/images/5/original/2010-9-12-hackcu.png?1289638047
/images/original/missing.png
/images/original/missing.png
/system/images/3/original/groups_logo_sm.gif?1289634166
/images/original/missing.png
/system/images/5/original/2010-9-12-hackcu.png?1289638047
/images/original/missing.png
/images/original/missing.png
/system/images/3/original/groups_logo_sm.gif?1289634166
/images/original/missing.png
/system/images/5/original/2010-9-12-hackcu.png?1289638047
/images/original/missing.png
/images/original/missing.png
/system/images/3/original/groups_logo_sm.gif?1289634166
/images/original/missing.png
/system/images/5/original/2010-9-12-hackcu.png?1289638047
/images/original/missing.png
/images/original/missing.png
/system/images/3/original/groups_logo_sm.gif?1289634166
/images/original/missing.png
/system/images/5/original/2010-9-12-hackcu.png?1289638047
/images/original/missing.png
/images/original/missing.png
/system/images/3/original/groups_logo_sm.gif?1289634166
/images/original/missing.png
/system/images/5/original/2010-9-12-hackcu.png?1289638047
/images/original/missing.png
/images/original/missing.png
/system/images/3/original/groups_logo_sm.gif?1289634166
/images/original/missing.png
/system/images/5/original/2010-9-12-hackcu.png?1289638047
/images/original/missing.png
/images/original/missing.png
/system/images/3/original/groups_logo_sm.gif?1289634166
/images/original/missing.png
/system/images/5/original/2010-9-12-hackcu.png?1289638047
/images/original/missing.png
/images/original/missing.png
/system/images/3/original/groups_logo_sm.gif?1289634166
/images/original/missing.png
/system/images/5/original/2010-9-12-hackcu.png?1289638047
/images/original/missing.png
/images/original/missing.png
/system/images/3/original/groups_logo_sm.gif?1289634166
/images/original/missing.png
/system/images/5/original/2010-9-12-hackcu.png?1289638047
/images/original/missing.png
/images/original/missing.png
/system/images/3/original/groups_logo_sm.gif?1289634166
/images/original/missing.png
/system/images/5/original/2010-9-12-hackcu.png?1289638047
/images/original/missing.png
/images/original/missing.png
/system/images/3/original/groups_logo_sm.gif?1289634166
/images/original/missing.png
/system/images/5/original/2010-9-12-hackcu.png?1289638047
/images/original/missing.png
/images/original/missing.png
/system/images/3/original/groups_logo_sm.gif?1289634166
/images/original/missing.png
/system/images/5/original/2010-9-12-hackcu.png?1289638047
/images/original/missing.png
/images/original/missing.png
/system/images/3/original/groups_logo_sm.gif?1289634166
/images/original/missing.png
/system/images/5/original/2010-9-12-hackcu.png?1289638047
/images/original/missing.png
/images/original/missing.png
/system/images/3/original/groups_logo_sm.gif?1289634166
/images/original/missing.png
/system/images/5/original/2010-9-12-hackcu.png?1289638047
/images/original/missing.png
/images/original/missing.png
/system/images/3/original/groups_logo_sm.gif?1289634166
/images/original/missing.png
/system/images/5/original/2010-9-12-hackcu.png?1289638047
>> Stopping ...
>> Exiting!
>> Writing PID to tmp/pids/thin.0.pid
>> Using rack adapter
>> Thin web server (v1.2.11 codename Bat-Shit Crazy)
>> Maximum connections set to 1024
>> Listening on /tmp/thin.adicu.0.sock, CTRL+C to stop
>> Stopping ...
>> Exiting!
>> Writing PID to tmp/pids/thin.0.pid
>> Using rack adapter
>> Thin web server (v1.2.11 codename Bat-Shit Crazy)
>> Maximum connections set to 1024
>> Listening on /tmp/thin.adicu.0.sock, CTRL+C to stop
>> Stopping ...
>> Exiting!
>> Writing PID to tmp/pids/thin.0.pid
>> Using rack adapter
>> Thin web server (v1.2.11 codename Bat-Shit Crazy)
>> Maximum connections set to 1024
>> Listening on /tmp/thin.adicu.0.sock, CTRL+C to stop
>> Stopping ...
>> Exiting!
>> Writing PID to tmp/pids/thin.0.pid
>> Using rack adapter
>> Thin web server (v1.2.11 codename Bat-Shit Crazy)
>> Maximum connections set to 1024
>> Listening on /tmp/thin.adicu.0.sock, CTRL+C to stop
/images/original/missing.png
/images/original/missing.png
/system/images/3/original/groups_logo_sm.gif?1289634166
/images/original/missing.png
/system/images/5/original/2010-9-12-hackcu.png?1289638047
>> Stopping ...
>> Exiting!
>> Writing PID to tmp/pids/thin.0.pid
>> Using rack adapter
>> Thin web server (v1.2.11 codename Bat-Shit Crazy)
>> Maximum connections set to 1024
>> Listening on /tmp/thin.adicu.0.sock, CTRL+C to stop
>> Stopping ...
>> Exiting!
>> Writing PID to tmp/pids/thin.0.pid
>> Using rack adapter
>> Thin web server (v1.2.11 codename Bat-Shit Crazy)
>> Maximum connections set to 1024
>> Listening on /tmp/thin.adicu.0.sock, CTRL+C to stop
/images/original/missing.png
/images/original/missing.png
/system/images/3/original/groups_logo_sm.gif?1289634166
/images/original/missing.png
/system/images/5/original/2010-9-12-hackcu.png?1289638047
